mode: set
submission_promotion_api/internal/app/services/promotion_postgres_service.go:22.96,26.2 1 1
submission_promotion_api/internal/app/services/promotion_postgres_service.go:29.98,31.16 2 1
submission_promotion_api/internal/app/services/promotion_postgres_service.go:31.16,33.3 1 1
submission_promotion_api/internal/app/services/promotion_postgres_service.go:34.2,34.26 1 1
submission_promotion_api/internal/app/services/promotion_postgres_service.go:38.104,40.16 2 1
submission_promotion_api/internal/app/services/promotion_postgres_service.go:40.16,42.3 1 1
submission_promotion_api/internal/app/services/promotion_postgres_service.go:43.2,43.23 1 1
submission_promotion_api/internal/app/services/promotion_postgres_service.go:47.111,49.16 2 1
submission_promotion_api/internal/app/services/promotion_postgres_service.go:49.16,51.3 1 1
submission_promotion_api/internal/app/services/promotion_postgres_service.go:52.2,52.26 1 1
submission_promotion_api/internal/app/services/promotion_postgres_service.go:56.87,58.16 2 1
submission_promotion_api/internal/app/services/promotion_postgres_service.go:58.16,60.3 1 1
submission_promotion_api/internal/app/services/promotion_postgres_service.go:61.2,61.12 1 1
submission_promotion_api/internal/app/services/promotion_postgres_service.go:65.79,67.16 2 1
submission_promotion_api/internal/app/services/promotion_postgres_service.go:67.16,69.3 1 1
submission_promotion_api/internal/app/services/promotion_postgres_service.go:70.2,70.24 1 1
